<?xml version="1.0" encoding="UTF-8"?>
<!-- Generated by org.testng.reporters.JUnitXMLReporter -->
<testsuite ignored="0" hostname="TechM-SD" failures="0" tests="3" name="Default test" time="2.032" errors="0" timestamp="2024-02-19T19:53:32 IST">
  <testcase classname="files.DynamicJson" name="addBook" time="1.767"/>
  <testcase classname="files.DynamicJson" name="addBook" time="0.107"/>
  <testcase classname="files.DynamicJson" name="addBook" time="0.114"/>
</testsuite> <!-- Default test -->
