<?xml version="1.0" encoding="UTF-8"?>
<testng-results ignored="0" total="3" passed="3" failed="0" skipped="0">
  <reporter-output>
  </reporter-output>
  <suite started-at="2024-02-19T19:53:30 IST" name="Default suite" finished-at="2024-02-19T19:53:32 IST" duration-ms="2032">
    <groups>
    </groups>
    <test started-at="2024-02-19T19:53:30 IST" name="Default test" finished-at="2024-02-19T19:53:32 IST" duration-ms="2032">
      <class name="files.DynamicJson">
        <test-method signature="addBook(java.lang.String,java.lang.String)[pri:0, instance:files.DynamicJson@6c64cb25]" started-at="2024-02-19T19:53:30 IST" name="addBook" data-provider="BooksData" finished-at="2024-02-19T19:53:31 IST" duration-ms="1767" status="PASS">
          <params>
            <param index="0">
              <value>
                <![CDATA[shri]]>
              </value>
            </param>
            <param index="1">
              <value>
                <![CDATA[121]]>
              </value>
            </param>
          </params>
          <reporter-output>
          </reporter-output>
        </test-method> <!-- addBook -->
        <test-method signature="addBook(java.lang.String,java.lang.String)[pri:0, instance:files.DynamicJson@6c64cb25]" started-at="2024-02-19T19:53:31 IST" name="addBook" data-provider="BooksData" finished-at="2024-02-19T19:53:31 IST" duration-ms="107" status="PASS">
          <params>
            <param index="0">
              <value>
                <![CDATA[okok]]>
              </value>
            </param>
            <param index="1">
              <value>
                <![CDATA[222]]>
              </value>
            </param>
          </params>
          <reporter-output>
          </reporter-output>
        </test-method> <!-- addBook -->
        <test-method signature="addBook(java.lang.String,java.lang.String)[pri:0, instance:files.DynamicJson@6c64cb25]" started-at="2024-02-19T19:53:31 IST" name="addBook" data-provider="BooksData" finished-at="2024-02-19T19:53:32 IST" duration-ms="114" status="PASS">
          <params>
            <param index="0">
              <value>
                <![CDATA[okie]]>
              </value>
            </param>
            <param index="1">
              <value>
                <![CDATA[212]]>
              </value>
            </param>
          </params>
          <reporter-output>
          </reporter-output>
        </test-method> <!-- addBook -->
      </class> <!-- files.DynamicJson -->
    </test> <!-- Default test -->
  </suite> <!-- Default suite -->
</testng-results>
